 * Serving Flask app 'flask_api'
 * Debug mode: on
[31m[1mWARNING: This is a development server. Do not use it in a production deployment. Use a production WSGI server instead.[0m
 * Running on all addresses (0.0.0.0)
 * Running on http://127.0.0.1:8000
 * Running on http://192.168.1.206:8000
[33mPress CTRL+C to quit[0m
 * Restarting with stat
 * Debugger is active!
 * Debugger PIN: 851-503-932
Fast image processor class <class 'transformers.models.vit.image_processing_vit_fast.ViTImageProcessorFast'> is available for this model. Using slow image processor class. To use the fast image processor class set `use_fast=True`.
Traceback (most recent call last):
  File "/Users/pranavsreepada/mycodes/Code/skincancervt/SkinCancerViT/skincancer_vit/flask_api.py", line 73, in predict
    cam_np = get_attention_map_output_gradcam(
        full_multimodal_model=model,
    ...<7 lines>...
        device=DEVICE,
    )
  File "/Users/pranavsreepada/mycodes/Code/skincancervt/SkinCancerViT/skincancer_vit/xai_utils.py", line 253, in get_attention_map_output_gradcam
    with cam_method(
         ~~~~~~~~~~^
        model=cam_wrapper_model,  # Pass the wrapper model
        ^^^^^^^^^^^^^^^^^^^^^^^^^^^^^^^^^^^^^^^^^^^^^^^^^^
    ...<3 lines>...
        ),
        ^^
    ) as cam:
    ^
TypeError: 'NoneType' object is not callable
127.0.0.1 - - [22/Dec/2025 21:39:39] "POST /api/predict HTTP/1.1" 200 -
127.0.0.1 - - [22/Dec/2025 21:39:49] "[33mGET / HTTP/1.1[0m" 404 -
Traceback (most recent call last):
  File "/Users/pranavsreepada/mycodes/Code/skincancervt/SkinCancerViT/skincancer_vit/flask_api.py", line 73, in predict
    cam_np = get_attention_map_output_gradcam(
        full_multimodal_model=model,
    ...<7 lines>...
        device=DEVICE,
    )
  File "/Users/pranavsreepada/mycodes/Code/skincancervt/SkinCancerViT/skincancer_vit/xai_utils.py", line 253, in get_attention_map_output_gradcam
    with cam_method(
         ~~~~~~~~~~^
        model=cam_wrapper_model,  # Pass the wrapper model
        ^^^^^^^^^^^^^^^^^^^^^^^^^^^^^^^^^^^^^^^^^^^^^^^^^^
    ...<3 lines>...
        ),
        ^^
    ) as cam:
    ^
TypeError: 'NoneType' object is not callable
127.0.0.1 - - [22/Dec/2025 21:45:59] "POST /api/predict HTTP/1.1" 200 -
Traceback (most recent call last):
  File "/Users/pranavsreepada/mycodes/Code/skincancervt/SkinCancerViT/skincancer_vit/flask_api.py", line 73, in predict
    cam_np = get_attention_map_output_gradcam(
        full_multimodal_model=model,
    ...<7 lines>...
        device=DEVICE,
    )
  File "/Users/pranavsreepada/mycodes/Code/skincancervt/SkinCancerViT/skincancer_vit/xai_utils.py", line 253, in get_attention_map_output_gradcam
    with cam_method(
         ~~~~~~~~~~^
        model=cam_wrapper_model,  # Pass the wrapper model
        ^^^^^^^^^^^^^^^^^^^^^^^^^^^^^^^^^^^^^^^^^^^^^^^^^^
    ...<3 lines>...
        ),
        ^^
    ) as cam:
    ^
TypeError: 'NoneType' object is not callable
127.0.0.1 - - [22/Dec/2025 21:46:48] "POST /api/predict HTTP/1.1" 200 -
Traceback (most recent call last):
  File "/Users/pranavsreepada/mycodes/Code/skincancervt/SkinCancerViT/skincancer_vit/flask_api.py", line 73, in predict
    cam_np = get_attention_map_output_gradcam(
        full_multimodal_model=model,
    ...<7 lines>...
        device=DEVICE,
    )
  File "/Users/pranavsreepada/mycodes/Code/skincancervt/SkinCancerViT/skincancer_vit/xai_utils.py", line 253, in get_attention_map_output_gradcam
    with cam_method(
         ~~~~~~~~~~^
        model=cam_wrapper_model,  # Pass the wrapper model
        ^^^^^^^^^^^^^^^^^^^^^^^^^^^^^^^^^^^^^^^^^^^^^^^^^^
    ...<3 lines>...
        ),
        ^^
    ) as cam:
    ^
TypeError: 'NoneType' object is not callable
127.0.0.1 - - [22/Dec/2025 22:33:31] "POST /api/predict HTTP/1.1" 200 -
